main.py:39: YAMLLoadWarning: calling yaml.load() without Loader=... is deprecated, as the default Loader is unsafe. Please read https://msg.pyyaml.org/load for full details.
  config = yaml.load(f)
/mnt/lustre/wuxingzhe/anaconda3.5.1/envs/deca/lib/python3.8/site-packages/pytorch3d/io/obj_io.py:70: UserWarning: Faces have invalid indices
  warnings.warn("Faces have invalid indices")
/mnt/lustre/wuxingzhe/anaconda3.5.1/envs/deca/lib/python3.8/site-packages/pytorch3d/io/obj_io.py:484: UserWarning: Mtl file does not exist: ../data/template.mtl
  warnings.warn(f"Mtl file does not exist: {f_mtl}")
{'common': {'eval_train': True},
 'config': 'configs/exp6.yaml',
 'convert': False,
 'convert_nart': False,
 'count_op': False,
 'dataset': {'image_size': 224, 'uv_size': 256},
 'eval_train': True,
 'evaluate': False,
 'gpus': '0,1',
 'image_path': None,
 'model': {'dense_template_path': '../data/texture_data_256.npy',
           'face_eye_mask_path': '../data/uv_face_eye_mask.png',
           'face_mask_path': '../data/uv_face_mask.png',
           'fixed_displacement_path': '../data/fixed_displacement_256.npy',
           'flame_lmk_embedding_path': '../data/landmark_embedding.npy',
           'flame_model_path': '../data/generic_model.pkl',
           'jaw_type': 'aa',
           'max_z': 0.01,
           'mean_tex_path': '../data/mean_texture.jpg',
           'n_cam': 3,
           'n_detail': 128,
           'n_exp': 50,
           'n_light': 27,
           'n_pose': 6,
           'n_shape': 100,
           'n_tex': 50,
           'param_list': ['shape', 'tex', 'exp', 'pose', 'cam', 'light'],
           'tex_path': '../data/FLAME_albedo_from_BFM.npz',
           'tex_type': 'BFM',
           'topology_path': '../data/head_template.obj',
           'useTex': True,
           'use_tex': True,
           'uv_size': 256},
 'output_path': None,
 'pretrained_model': {'fixed_model': '../data/deca_model.tar',
                      'recog_network': 'net-data/Iter_007000_net.ckpt'},
 'recog_params': {'feature_dim': 512},
 'save_dict_path': 'snapshot/',
 'save_mesh_path': 'results/',
 'test': False,
 'test_params': {'batch_size': 3,
                 'crop_size': 224,
                 'iscrop': False,
                 'qualitative_test_list': 'utils/qualitative_test_images.txt',
                 'scale': 1.0,
                 'works': 1},
 'train_coarse': True,
 'train_detail': False,
 'train_params': {'batch_sizes': [64, 32],
                  'crop_size': 224,
                  'epoch_phase': 0,
                  'eye_closure_ldmk_idx_file': '../data/ldmk_eye_closure_idx.npy',
                  'eye_closure_loss_factors': [1.0, 1.0],
                  'identity_loss_factor': 0.2,
                  'iscrop': False,
                  'kpts_gt_dir': 'ldmk_gt',
                  'ldmk_loss_factors': [0.0001, 1.0],
                  'ldmk_weights_file': '../data/ldmk_weights.npy',
                  'norm_type_eye_closure': 'mse',
                  'norm_type_ldmk': 'mse',
                  'norm_type_photometric': 'mse',
                  'norm_type_reg': 'mse',
                  'optimizer': {'kwargs': {'lr': 0.0001,
                                           'weight_decay': 0.0005},
                                'type': 'Adam'},
                  'person_num_in_batch': 8,
                  'person_size': 250000,
                  'photometric_loss_factor': 2.0,
                  'regular_loss_factors': [0.0001, 0.0001],
                  'scale': 1.0,
                  'scheduler': {'epochs': 4,
                                'gamma': 0.5,
                                'milestones': [5, 10]},
                  'seg_masks_dir': 'face_seg_mask',
                  'shape_consistency_loss_factor': 1.0,
                  'size_per_person': 8,
                  'size_per_person_in_batch': 4,
                  'train_list': 'utils/train_images.txt',
                  'train_subject_list': 'utils/train_subject_images.txt',
                  'workers': 4},
 'visualize': False}
make save path: snapshot/configs/exp6.yaml_20210519_001127
make result path: results/configs/exp6.yaml_20210519_001127
fc.weight  not available in reconstructed resnet
fc.bias  not available in reconstructed resnet
creating the FLAME Decoder
Traceback (most recent call last):
  File "main.py", line 60, in <module>
    main()
  File "main.py", line 45, in main
    agent = deca_solver(config)
  File "/mnt/lustre/wuxingzhe/DECA_Pytorch/decalib/deca_solver.py", line 70, in __init__
    self._build()
  File "/mnt/lustre/wuxingzhe/DECA_Pytorch/decalib/deca_solver.py", line 470, in _build
    self._create_model(self.config.model)
  File "/mnt/lustre/wuxingzhe/DECA_Pytorch/decalib/deca_solver.py", line 383, in _create_model
    self.E_flame.load_state_dict( \
  File "/mnt/lustre/wuxingzhe/anaconda3.5.1/envs/deca/lib/python3.8/site-packages/torch/nn/modules/module.py", line 829, in load_state_dict
    raise RuntimeError('Error(s) in loading state_dict for {}:\n\t{}'.format(
RuntimeError: Error(s) in loading state_dict for DataParallel:
	Missing key(s) in state_dict: "module.encoder.conv1.weight", "module.encoder.bn1.weight", "module.encoder.bn1.bias", "module.encoder.bn1.running_mean", "module.encoder.bn1.running_var", "module.encoder.layer1.0.conv1.weight", "module.encoder.layer1.0.bn1.weight", "module.encoder.layer1.0.bn1.bias", "module.encoder.layer1.0.bn1.running_mean", "module.encoder.layer1.0.bn1.running_var", "module.encoder.layer1.0.conv2.weight", "module.encoder.layer1.0.bn2.weight", "module.encoder.layer1.0.bn2.bias", "module.encoder.layer1.0.bn2.running_mean", "module.encoder.layer1.0.bn2.running_var", "module.encoder.layer1.0.conv3.weight", "module.encoder.layer1.0.bn3.weight", "module.encoder.layer1.0.bn3.bias", "module.encoder.layer1.0.bn3.running_mean", "module.encoder.layer1.0.bn3.running_var", "module.encoder.layer1.0.downsample.0.weight", "module.encoder.layer1.0.downsample.1.weight", "module.encoder.layer1.0.downsample.1.bias", "module.encoder.layer1.0.downsample.1.running_mean", "module.encoder.layer1.0.downsample.1.running_var", "module.encoder.layer1.1.conv1.weight", "module.encoder.layer1.1.bn1.weight", "module.encoder.layer1.1.bn1.bias", "module.encoder.layer1.1.bn1.running_mean", "module.encoder.layer1.1.bn1.running_var", "module.encoder.layer1.1.conv2.weight", "module.encoder.layer1.1.bn2.weight", "module.encoder.layer1.1.bn2.bias", "module.encoder.layer1.1.bn2.running_mean", "module.encoder.layer1.1.bn2.running_var", "module.encoder.layer1.1.conv3.weight", "module.encoder.layer1.1.bn3.weight", "module.encoder.layer1.1.bn3.bias", "module.encoder.layer1.1.bn3.running_mean", "module.encoder.layer1.1.bn3.running_var", "module.encoder.layer1.2.conv1.weight", "module.encoder.layer1.2.bn1.weight", "module.encoder.layer1.2.bn1.bias", "module.encoder.layer1.2.bn1.running_mean", "module.encoder.layer1.2.bn1.running_var", "module.encoder.layer1.2.conv2.weight", "module.encoder.layer1.2.bn2.weight", "module.encoder.layer1.2.bn2.bias", "module.encoder.layer1.2.bn2.running_mean", "module.encoder.layer1.2.bn2.running_var", "module.encoder.layer1.2.conv3.weight", "module.encoder.layer1.2.bn3.weight", "module.encoder.layer1.2.bn3.bias", "module.encoder.layer1.2.bn3.running_mean", "module.encoder.layer1.2.bn3.running_var", "module.encoder.layer2.0.conv1.weight", "module.encoder.layer2.0.bn1.weight", "module.encoder.layer2.0.bn1.bias", "module.encoder.layer2.0.bn1.running_mean", "module.encoder.layer2.0.bn1.running_var", "module.encoder.layer2.0.conv2.weight", "module.encoder.layer2.0.bn2.weight", "module.encoder.layer2.0.bn2.bias", "module.encoder.layer2.0.bn2.running_mean", "module.encoder.layer2.0.bn2.running_var", "module.encoder.layer2.0.conv3.weight", "module.encoder.layer2.0.bn3.weight", "module.encoder.layer2.0.bn3.bias", "module.encoder.layer2.0.bn3.running_mean", "module.encoder.layer2.0.bn3.running_var", "module.encoder.layer2.0.downsample.0.weight", "module.encoder.layer2.0.downsample.1.weight", "module.encoder.layer2.0.downsample.1.bias", "module.encoder.layer2.0.downsample.1.running_mean", "module.encoder.layer2.0.downsample.1.running_var", "module.encoder.layer2.1.conv1.weight", "module.encoder.layer2.1.bn1.weight", "module.encoder.layer2.1.bn1.bias", "module.encoder.layer2.1.bn1.running_mean", "module.encoder.layer2.1.bn1.running_var", "module.encoder.layer2.1.conv2.weight", "module.encoder.layer2.1.bn2.weight", "module.encoder.layer2.1.bn2.bias", "module.encoder.layer2.1.bn2.running_mean", "module.encoder.layer2.1.bn2.running_var", "module.encoder.layer2.1.conv3.weight", "module.encoder.layer2.1.bn3.weight", "module.encoder.layer2.1.bn3.bias", "module.encoder.layer2.1.bn3.running_mean", "module.encoder.layer2.1.bn3.running_var", "module.encoder.layer2.2.conv1.weight", "module.encoder.layer2.2.bn1.weight", "module.encoder.layer2.2.bn1.bias", "module.encoder.layer2.2.bn1.running_mean", "module.encoder.layer2.2.bn1.running_var", "module.encoder.layer2.2.conv2.weight", "module.encoder.layer2.2.bn2.weight", "module.encoder.layer2.2.bn2.bias", "module.encoder.layer2.2.bn2.running_mean", "module.encoder.layer2.2.bn2.running_var", "module.encoder.layer2.2.conv3.weight", "module.encoder.layer2.2.bn3.weight", "module.encoder.layer2.2.bn3.bias", "module.encoder.layer2.2.bn3.running_mean", "module.encoder.layer2.2.bn3.running_var", "module.encoder.layer2.3.conv1.weight", "module.encoder.layer2.3.bn1.weight", "module.encoder.layer2.3.bn1.bias", "module.encoder.layer2.3.bn1.running_mean", "module.encoder.layer2.3.bn1.running_var", "module.encoder.layer2.3.conv2.weight", "module.encoder.layer2.3.bn2.weight", "module.encoder.layer2.3.bn2.bias", "module.encoder.layer2.3.bn2.running_mean", "module.encoder.layer2.3.bn2.running_var", "module.encoder.layer2.3.conv3.weight", "module.encoder.layer2.3.bn3.weight", "module.encoder.layer2.3.bn3.bias", "module.encoder.layer2.3.bn3.running_mean", "module.encoder.layer2.3.bn3.running_var", "module.encoder.layer3.0.conv1.weight", "module.encoder.layer3.0.bn1.weight", "module.encoder.layer3.0.bn1.bias", "module.encoder.layer3.0.bn1.running_mean", "module.encoder.layer3.0.bn1.running_var", "module.encoder.layer3.0.conv2.weight", "module.encoder.layer3.0.bn2.weight", "module.encoder.layer3.0.bn2.bias", "module.encoder.layer3.0.bn2.running_mean", "module.encoder.layer3.0.bn2.running_var", "module.encoder.layer3.0.conv3.weight", "module.encoder.layer3.0.bn3.weight", "module.encoder.layer3.0.bn3.bias", "module.encoder.layer3.0.bn3.running_mean", "module.encoder.layer3.0.bn3.running_var", "module.encoder.layer3.0.downsample.0.weight", "module.encoder.layer3.0.downsample.1.weight", "module.encoder.layer3.0.downsample.1.bias", "module.encoder.layer3.0.downsample.1.running_mean", "module.encoder.layer3.0.downsample.1.running_var", "module.encoder.layer3.1.conv1.weight", "module.encoder.layer3.1.bn1.weight", "module.encoder.layer3.1.bn1.bias", "module.encoder.layer3.1.bn1.running_mean", "module.encoder.layer3.1.bn1.running_var", "module.encoder.layer3.1.conv2.weight", "module.encoder.layer3.1.bn2.weight", "module.encoder.layer3.1.bn2.bias", "module.encoder.layer3.1.bn2.running_mean", "module.encoder.layer3.1.bn2.running_var", "module.encoder.layer3.1.conv3.weight", "module.encoder.layer3.1.bn3.weight", "module.encoder.layer3.1.bn3.bias", "module.encoder.layer3.1.bn3.running_mean", "module.encoder.layer3.1.bn3.running_var", "module.encoder.layer3.2.conv1.weight", "module.encoder.layer3.2.bn1.weight", "module.encoder.layer3.2.bn1.bias", "module.encoder.layer3.2.bn1.running_mean", "module.encoder.layer3.2.bn1.running_var", "module.encoder.layer3.2.conv2.weight", "module.encoder.layer3.2.bn2.weight", "module.encoder.layer3.2.bn2.bias", "module.encoder.layer3.2.bn2.running_mean", "module.encoder.layer3.2.bn2.running_var", "module.encoder.layer3.2.conv3.weight", "module.encoder.layer3.2.bn3.weight", "module.encoder.layer3.2.bn3.bias", "module.encoder.layer3.2.bn3.running_mean", "module.encoder.layer3.2.bn3.running_var", "module.encoder.layer3.3.conv1.weight", "module.encoder.layer3.3.bn1.weight", "module.encoder.layer3.3.bn1.bias", "module.encoder.layer3.3.bn1.running_mean", "module.encoder.layer3.3.bn1.running_var", "module.encoder.layer3.3.conv2.weight", "module.encoder.layer3.3.bn2.weight", "module.encoder.layer3.3.bn2.bias", "module.encoder.layer3.3.bn2.running_mean", "module.encoder.layer3.3.bn2.running_var", "module.encoder.layer3.3.conv3.weight", "module.encoder.layer3.3.bn3.weight", "module.encoder.layer3.3.bn3.bias", "module.encoder.layer3.3.bn3.running_mean", "module.encoder.layer3.3.bn3.running_var", "module.encoder.layer3.4.conv1.weight", "module.encoder.layer3.4.bn1.weight", "module.encoder.layer3.4.bn1.bias", "module.encoder.layer3.4.bn1.running_mean", "module.encoder.layer3.4.bn1.running_var", "module.encoder.layer3.4.conv2.weight", "module.encoder.layer3.4.bn2.weight", "module.encoder.layer3.4.bn2.bias", "module.encoder.layer3.4.bn2.running_mean", "module.encoder.layer3.4.bn2.running_var", "module.encoder.layer3.4.conv3.weight", "module.encoder.layer3.4.bn3.weight", "module.encoder.layer3.4.bn3.bias", "module.encoder.layer3.4.bn3.running_mean", "module.encoder.layer3.4.bn3.running_var", "module.encoder.layer3.5.conv1.weight", "module.encoder.layer3.5.bn1.weight", "module.encoder.layer3.5.bn1.bias", "module.encoder.layer3.5.bn1.running_mean", "module.encoder.layer3.5.bn1.running_var", "module.encoder.layer3.5.conv2.weight", "module.encoder.layer3.5.bn2.weight", "module.encoder.layer3.5.bn2.bias", "module.encoder.layer3.5.bn2.running_mean", "module.encoder.layer3.5.bn2.running_var", "module.encoder.layer3.5.conv3.weight", "module.encoder.layer3.5.bn3.weight", "module.encoder.layer3.5.bn3.bias", "module.encoder.layer3.5.bn3.running_mean", "module.encoder.layer3.5.bn3.running_var", "module.encoder.layer4.0.conv1.weight", "module.encoder.layer4.0.bn1.weight", "module.encoder.layer4.0.bn1.bias", "module.encoder.layer4.0.bn1.running_mean", "module.encoder.layer4.0.bn1.running_var", "module.encoder.layer4.0.conv2.weight", "module.encoder.layer4.0.bn2.weight", "module.encoder.layer4.0.bn2.bias", "module.encoder.layer4.0.bn2.running_mean", "module.encoder.layer4.0.bn2.running_var", "module.encoder.layer4.0.conv3.weight", "module.encoder.layer4.0.bn3.weight", "module.encoder.layer4.0.bn3.bias", "module.encoder.layer4.0.bn3.running_mean", "module.encoder.layer4.0.bn3.running_var", "module.encoder.layer4.0.downsample.0.weight", "module.encoder.layer4.0.downsample.1.weight", "module.encoder.layer4.0.downsample.1.bias", "module.encoder.layer4.0.downsample.1.running_mean", "module.encoder.layer4.0.downsample.1.running_var", "module.encoder.layer4.1.conv1.weight", "module.encoder.layer4.1.bn1.weight", "module.encoder.layer4.1.bn1.bias", "module.encoder.layer4.1.bn1.running_mean", "module.encoder.layer4.1.bn1.running_var", "module.encoder.layer4.1.conv2.weight", "module.encoder.layer4.1.bn2.weight", "module.encoder.layer4.1.bn2.bias", "module.encoder.layer4.1.bn2.running_mean", "module.encoder.layer4.1.bn2.running_var", "module.encoder.layer4.1.conv3.weight", "module.encoder.layer4.1.bn3.weight", "module.encoder.layer4.1.bn3.bias", "module.encoder.layer4.1.bn3.running_mean", "module.encoder.layer4.1.bn3.running_var", "module.encoder.layer4.2.conv1.weight", "module.encoder.layer4.2.bn1.weight", "module.encoder.layer4.2.bn1.bias", "module.encoder.layer4.2.bn1.running_mean", "module.encoder.layer4.2.bn1.running_var", "module.encoder.layer4.2.conv2.weight", "module.encoder.layer4.2.bn2.weight", "module.encoder.layer4.2.bn2.bias", "module.encoder.layer4.2.bn2.running_mean", "module.encoder.layer4.2.bn2.running_var", "module.encoder.layer4.2.conv3.weight", "module.encoder.layer4.2.bn3.weight", "module.encoder.layer4.2.bn3.bias", "module.encoder.layer4.2.bn3.running_mean", "module.encoder.layer4.2.bn3.running_var", "module.layers.0.weight", "module.layers.0.bias", "module.layers.2.weight", "module.layers.2.bias". 
	Unexpected key(s) in state_dict: "encoder.conv1.weight", "encoder.bn1.weight", "encoder.bn1.bias", "encoder.bn1.running_mean", "encoder.bn1.running_var", "encoder.bn1.num_batches_tracked", "encoder.layer1.0.conv1.weight", "encoder.layer1.0.bn1.weight", "encoder.layer1.0.bn1.bias", "encoder.layer1.0.bn1.running_mean", "encoder.layer1.0.bn1.running_var", "encoder.layer1.0.bn1.num_batches_tracked", "encoder.layer1.0.conv2.weight", "encoder.layer1.0.bn2.weight", "encoder.layer1.0.bn2.bias", "encoder.layer1.0.bn2.running_mean", "encoder.layer1.0.bn2.running_var", "encoder.layer1.0.bn2.num_batches_tracked", "encoder.layer1.0.conv3.weight", "encoder.layer1.0.bn3.weight", "encoder.layer1.0.bn3.bias", "encoder.layer1.0.bn3.running_mean", "encoder.layer1.0.bn3.running_var", "encoder.layer1.0.bn3.num_batches_tracked", "encoder.layer1.0.downsample.0.weight", "encoder.layer1.0.downsample.1.weight", "encoder.layer1.0.downsample.1.bias", "encoder.layer1.0.downsample.1.running_mean", "encoder.layer1.0.downsample.1.running_var", "encoder.layer1.0.downsample.1.num_batches_tracked", "encoder.layer1.1.conv1.weight", "encoder.layer1.1.bn1.weight", "encoder.layer1.1.bn1.bias", "encoder.layer1.1.bn1.running_mean", "encoder.layer1.1.bn1.running_var", "encoder.layer1.1.bn1.num_batches_tracked", "encoder.layer1.1.conv2.weight", "encoder.layer1.1.bn2.weight", "encoder.layer1.1.bn2.bias", "encoder.layer1.1.bn2.running_mean", "encoder.layer1.1.bn2.running_var", "encoder.layer1.1.bn2.num_batches_tracked", "encoder.layer1.1.conv3.weight", "encoder.layer1.1.bn3.weight", "encoder.layer1.1.bn3.bias", "encoder.layer1.1.bn3.running_mean", "encoder.layer1.1.bn3.running_var", "encoder.layer1.1.bn3.num_batches_tracked", "encoder.layer1.2.conv1.weight", "encoder.layer1.2.bn1.weight", "encoder.layer1.2.bn1.bias", "encoder.layer1.2.bn1.running_mean", "encoder.layer1.2.bn1.running_var", "encoder.layer1.2.bn1.num_batches_tracked", "encoder.layer1.2.conv2.weight", "encoder.layer1.2.bn2.weight", "encoder.layer1.2.bn2.bias", "encoder.layer1.2.bn2.running_mean", "encoder.layer1.2.bn2.running_var", "encoder.layer1.2.bn2.num_batches_tracked", "encoder.layer1.2.conv3.weight", "encoder.layer1.2.bn3.weight", "encoder.layer1.2.bn3.bias", "encoder.layer1.2.bn3.running_mean", "encoder.layer1.2.bn3.running_var", "encoder.layer1.2.bn3.num_batches_tracked", "encoder.layer2.0.conv1.weight", "encoder.layer2.0.bn1.weight", "encoder.layer2.0.bn1.bias", "encoder.layer2.0.bn1.running_mean", "encoder.layer2.0.bn1.running_var", "encoder.layer2.0.bn1.num_batches_tracked", "encoder.layer2.0.conv2.weight", "encoder.layer2.0.bn2.weight", "encoder.layer2.0.bn2.bias", "encoder.layer2.0.bn2.running_mean", "encoder.layer2.0.bn2.running_var", "encoder.layer2.0.bn2.num_batches_tracked", "encoder.layer2.0.conv3.weight", "encoder.layer2.0.bn3.weight", "encoder.layer2.0.bn3.bias", "encoder.layer2.0.bn3.running_mean", "encoder.layer2.0.bn3.running_var", "encoder.layer2.0.bn3.num_batches_tracked", "encoder.layer2.0.downsample.0.weight", "encoder.layer2.0.downsample.1.weight", "encoder.layer2.0.downsample.1.bias", "encoder.layer2.0.downsample.1.running_mean", "encoder.layer2.0.downsample.1.running_var", "encoder.layer2.0.downsample.1.num_batches_tracked", "encoder.layer2.1.conv1.weight", "encoder.layer2.1.bn1.weight", "encoder.layer2.1.bn1.bias", "encoder.layer2.1.bn1.running_mean", "encoder.layer2.1.bn1.running_var", "encoder.layer2.1.bn1.num_batches_tracked", "encoder.layer2.1.conv2.weight", "encoder.layer2.1.bn2.weight", "encoder.layer2.1.bn2.bias", "encoder.layer2.1.bn2.running_mean", "encoder.layer2.1.bn2.running_var", "encoder.layer2.1.bn2.num_batches_tracked", "encoder.layer2.1.conv3.weight", "encoder.layer2.1.bn3.weight", "encoder.layer2.1.bn3.bias", "encoder.layer2.1.bn3.running_mean", "encoder.layer2.1.bn3.running_var", "encoder.layer2.1.bn3.num_batches_tracked", "encoder.layer2.2.conv1.weight", "encoder.layer2.2.bn1.weight", "encoder.layer2.2.bn1.bias", "encoder.layer2.2.bn1.running_mean", "encoder.layer2.2.bn1.running_var", "encoder.layer2.2.bn1.num_batches_tracked", "encoder.layer2.2.conv2.weight", "encoder.layer2.2.bn2.weight", "encoder.layer2.2.bn2.bias", "encoder.layer2.2.bn2.running_mean", "encoder.layer2.2.bn2.running_var", "encoder.layer2.2.bn2.num_batches_tracked", "encoder.layer2.2.conv3.weight", "encoder.layer2.2.bn3.weight", "encoder.layer2.2.bn3.bias", "encoder.layer2.2.bn3.running_mean", "encoder.layer2.2.bn3.running_var", "encoder.layer2.2.bn3.num_batches_tracked", "encoder.layer2.3.conv1.weight", "encoder.layer2.3.bn1.weight", "encoder.layer2.3.bn1.bias", "encoder.layer2.3.bn1.running_mean", "encoder.layer2.3.bn1.running_var", "encoder.layer2.3.bn1.num_batches_tracked", "encoder.layer2.3.conv2.weight", "encoder.layer2.3.bn2.weight", "encoder.layer2.3.bn2.bias", "encoder.layer2.3.bn2.running_mean", "encoder.layer2.3.bn2.running_var", "encoder.layer2.3.bn2.num_batches_tracked", "encoder.layer2.3.conv3.weight", "encoder.layer2.3.bn3.weight", "encoder.layer2.3.bn3.bias", "encoder.layer2.3.bn3.running_mean", "encoder.layer2.3.bn3.running_var", "encoder.layer2.3.bn3.num_batches_tracked", "encoder.layer3.0.conv1.weight", "encoder.layer3.0.bn1.weight", "encoder.layer3.0.bn1.bias", "encoder.layer3.0.bn1.running_mean", "encoder.layer3.0.bn1.running_var", "encoder.layer3.0.bn1.num_batches_tracked", "encoder.layer3.0.conv2.weight", "encoder.layer3.0.bn2.weight", "encoder.layer3.0.bn2.bias", "encoder.layer3.0.bn2.running_mean", "encoder.layer3.0.bn2.running_var", "encoder.layer3.0.bn2.num_batches_tracked", "encoder.layer3.0.conv3.weight", "encoder.layer3.0.bn3.weight", "encoder.layer3.0.bn3.bias", "encoder.layer3.0.bn3.running_mean", "encoder.layer3.0.bn3.running_var", "encoder.layer3.0.bn3.num_batches_tracked", "encoder.layer3.0.downsample.0.weight", "encoder.layer3.0.downsample.1.weight", "encoder.layer3.0.downsample.1.bias", "encoder.layer3.0.downsample.1.running_mean", "encoder.layer3.0.downsample.1.running_var", "encoder.layer3.0.downsample.1.num_batches_tracked", "encoder.layer3.1.conv1.weight", "encoder.layer3.1.bn1.weight", "encoder.layer3.1.bn1.bias", "encoder.layer3.1.bn1.running_mean", "encoder.layer3.1.bn1.running_var", "encoder.layer3.1.bn1.num_batches_tracked", "encoder.layer3.1.conv2.weight", "encoder.layer3.1.bn2.weight", "encoder.layer3.1.bn2.bias", "encoder.layer3.1.bn2.running_mean", "encoder.layer3.1.bn2.running_var", "encoder.layer3.1.bn2.num_batches_tracked", "encoder.layer3.1.conv3.weight", "encoder.layer3.1.bn3.weight", "encoder.layer3.1.bn3.bias", "encoder.layer3.1.bn3.running_mean", "encoder.layer3.1.bn3.running_var", "encoder.layer3.1.bn3.num_batches_tracked", "encoder.layer3.2.conv1.weight", "encoder.layer3.2.bn1.weight", "encoder.layer3.2.bn1.bias", "encoder.layer3.2.bn1.running_mean", "encoder.layer3.2.bn1.running_var", "encoder.layer3.2.bn1.num_batches_tracked", "encoder.layer3.2.conv2.weight", "encoder.layer3.2.bn2.weight", "encoder.layer3.2.bn2.bias", "encoder.layer3.2.bn2.running_mean", "encoder.layer3.2.bn2.running_var", "encoder.layer3.2.bn2.num_batches_tracked", "encoder.layer3.2.conv3.weight", "encoder.layer3.2.bn3.weight", "encoder.layer3.2.bn3.bias", "encoder.layer3.2.bn3.running_mean", "encoder.layer3.2.bn3.running_var", "encoder.layer3.2.bn3.num_batches_tracked", "encoder.layer3.3.conv1.weight", "encoder.layer3.3.bn1.weight", "encoder.layer3.3.bn1.bias", "encoder.layer3.3.bn1.running_mean", "encoder.layer3.3.bn1.running_var", "encoder.layer3.3.bn1.num_batches_tracked", "encoder.layer3.3.conv2.weight", "encoder.layer3.3.bn2.weight", "encoder.layer3.3.bn2.bias", "encoder.layer3.3.bn2.running_mean", "encoder.layer3.3.bn2.running_var", "encoder.layer3.3.bn2.num_batches_tracked", "encoder.layer3.3.conv3.weight", "encoder.layer3.3.bn3.weight", "encoder.layer3.3.bn3.bias", "encoder.layer3.3.bn3.running_mean", "encoder.layer3.3.bn3.running_var", "encoder.layer3.3.bn3.num_batches_tracked", "encoder.layer3.4.conv1.weight", "encoder.layer3.4.bn1.weight", "encoder.layer3.4.bn1.bias", "encoder.layer3.4.bn1.running_mean", "encoder.layer3.4.bn1.running_var", "encoder.layer3.4.bn1.num_batches_tracked", "encoder.layer3.4.conv2.weight", "encoder.layer3.4.bn2.weight", "encoder.layer3.4.bn2.bias", "encoder.layer3.4.bn2.running_mean", "encoder.layer3.4.bn2.running_var", "encoder.layer3.4.bn2.num_batches_tracked", "encoder.layer3.4.conv3.weight", "encoder.layer3.4.bn3.weight", "encoder.layer3.4.bn3.bias", "encoder.layer3.4.bn3.running_mean", "encoder.layer3.4.bn3.running_var", "encoder.layer3.4.bn3.num_batches_tracked", "encoder.layer3.5.conv1.weight", "encoder.layer3.5.bn1.weight", "encoder.layer3.5.bn1.bias", "encoder.layer3.5.bn1.running_mean", "encoder.layer3.5.bn1.running_var", "encoder.layer3.5.bn1.num_batches_tracked", "encoder.layer3.5.conv2.weight", "encoder.layer3.5.bn2.weight", "encoder.layer3.5.bn2.bias", "encoder.layer3.5.bn2.running_mean", "encoder.layer3.5.bn2.running_var", "encoder.layer3.5.bn2.num_batches_tracked", "encoder.layer3.5.conv3.weight", "encoder.layer3.5.bn3.weight", "encoder.layer3.5.bn3.bias", "encoder.layer3.5.bn3.running_mean", "encoder.layer3.5.bn3.running_var", "encoder.layer3.5.bn3.num_batches_tracked", "encoder.layer4.0.conv1.weight", "encoder.layer4.0.bn1.weight", "encoder.layer4.0.bn1.bias", "encoder.layer4.0.bn1.running_mean", "encoder.layer4.0.bn1.running_var", "encoder.layer4.0.bn1.num_batches_tracked", "encoder.layer4.0.conv2.weight", "encoder.layer4.0.bn2.weight", "encoder.layer4.0.bn2.bias", "encoder.layer4.0.bn2.running_mean", "encoder.layer4.0.bn2.running_var", "encoder.layer4.0.bn2.num_batches_tracked", "encoder.layer4.0.conv3.weight", "encoder.layer4.0.bn3.weight", "encoder.layer4.0.bn3.bias", "encoder.layer4.0.bn3.running_mean", "encoder.layer4.0.bn3.running_var", "encoder.layer4.0.bn3.num_batches_tracked", "encoder.layer4.0.downsample.0.weight", "encoder.layer4.0.downsample.1.weight", "encoder.layer4.0.downsample.1.bias", "encoder.layer4.0.downsample.1.running_mean", "encoder.layer4.0.downsample.1.running_var", "encoder.layer4.0.downsample.1.num_batches_tracked", "encoder.layer4.1.conv1.weight", "encoder.layer4.1.bn1.weight", "encoder.layer4.1.bn1.bias", "encoder.layer4.1.bn1.running_mean", "encoder.layer4.1.bn1.running_var", "encoder.layer4.1.bn1.num_batches_tracked", "encoder.layer4.1.conv2.weight", "encoder.layer4.1.bn2.weight", "encoder.layer4.1.bn2.bias", "encoder.layer4.1.bn2.running_mean", "encoder.layer4.1.bn2.running_var", "encoder.layer4.1.bn2.num_batches_tracked", "encoder.layer4.1.conv3.weight", "encoder.layer4.1.bn3.weight", "encoder.layer4.1.bn3.bias", "encoder.layer4.1.bn3.running_mean", "encoder.layer4.1.bn3.running_var", "encoder.layer4.1.bn3.num_batches_tracked", "encoder.layer4.2.conv1.weight", "encoder.layer4.2.bn1.weight", "encoder.layer4.2.bn1.bias", "encoder.layer4.2.bn1.running_mean", "encoder.layer4.2.bn1.running_var", "encoder.layer4.2.bn1.num_batches_tracked", "encoder.layer4.2.conv2.weight", "encoder.layer4.2.bn2.weight", "encoder.layer4.2.bn2.bias", "encoder.layer4.2.bn2.running_mean", "encoder.layer4.2.bn2.running_var", "encoder.layer4.2.bn2.num_batches_tracked", "encoder.layer4.2.conv3.weight", "encoder.layer4.2.bn3.weight", "encoder.layer4.2.bn3.bias", "encoder.layer4.2.bn3.running_mean", "encoder.layer4.2.bn3.running_var", "encoder.layer4.2.bn3.num_batches_tracked", "layers.0.weight", "layers.0.bias", "layers.2.weight", "layers.2.bias". 
srun: error: SH-IDC1-10-5-37-43: task 0: Exited with exit code 1
